[INFO ] 2022-09-26 13:16:13.603 [main] BaseTest - Before Method Start execution
[INFO ] 2022-09-26 13:16:18.563 [main] BaseTest - Testcase-loginSalesForce4a
[INFO ] 2022-09-26 13:16:18.599 [main] BaseTest - Found Element by Visibility:forgotpwd_locator
[INFO ] 2022-09-26 13:16:18.747 [main] BaseTest - Click-pass: forgotpwd-button field
[INFO ] 2022-09-26 13:16:18.771 [main] BaseTest - Found Element by Visibility:username_locator
[INFO ] 2022-09-26 13:16:18.808 [main] BaseTest - Pass:vaild-uname element cleared
[INFO ] 2022-09-26 13:16:18.829 [main] BaseTest - Text enterted in vaild-uname field
[INFO ] 2022-09-26 13:16:18.848 [main] BaseTest - Found Element by Visibility:continue_locator
[INFO ] 2022-09-26 13:16:19.354 [main] BaseTest - Click-pass: continue1-button field
[INFO ] 2022-09-26 13:16:19.393 [main] BaseTest - After method start execution
[INFO ] 2022-09-26 14:24:11.983 [main] BaseTest - Before Method Start execution
[INFO ] 2022-09-26 14:24:16.834 [main] BaseTest - test case-errorMessage01
[INFO ] 2022-09-26 14:24:16.871 [main] BaseTest - Found Element by Visibility:username_locator
[INFO ] 2022-09-26 14:24:16.905 [main] BaseTest - Pass:vaild-uname element cleared
[INFO ] 2022-09-26 14:24:16.923 [main] BaseTest - Text enterted in vaild-uname field
[INFO ] 2022-09-26 14:24:16.941 [main] BaseTest - Found Element by Visibility:password_locator
[INFO ] 2022-09-26 14:24:16.962 [main] BaseTest - Pass:clear-password element cleared
[INFO ] 2022-09-26 14:24:17.342 [main] BaseTest - Click-pass: login-button field
[INFO ] 2022-09-26 14:24:17.345 [main] BaseTest - After method start execution
[INFO ] 2022-09-26 14:24:21.051 [main] BaseTest - Before Method Start execution
[INFO ] 2022-09-26 14:24:24.932 [main] BaseTest - Testcase-loginSalesForce2
[INFO ] 2022-09-26 14:24:24.968 [main] BaseTest - Found Element by Visibility:username_locator
[INFO ] 2022-09-26 14:24:25.014 [main] BaseTest - Pass:vaild-uname element cleared
[INFO ] 2022-09-26 14:24:25.029 [main] BaseTest - Text enterted in vaild-uname field
[INFO ] 2022-09-26 14:24:25.046 [main] BaseTest - Found Element by Visibility:password_locator
[INFO ] 2022-09-26 14:24:25.079 [main] BaseTest - Pass:valid_Password element cleared
[INFO ] 2022-09-26 14:24:25.090 [main] BaseTest - Text enterted in valid_Password field
[INFO ] 2022-09-26 14:24:25.115 [main] BaseTest - Element available for click:login_locator
[INFO ] 2022-09-26 14:24:28.110 [main] BaseTest - Click-pass: login-button field
[INFO ] 2022-09-26 14:24:28.113 [main] BaseTest - After method start execution
[INFO ] 2022-09-26 14:24:31.784 [main] BaseTest - Before Method Start execution
[INFO ] 2022-09-26 14:24:35.505 [main] BaseTest - Testcase-loginSalesForce3
[INFO ] 2022-09-26 14:24:35.540 [main] BaseTest - Found Element by Visibility:username_locator
[INFO ] 2022-09-26 14:24:35.576 [main] BaseTest - Pass:vaild-uname element cleared
[INFO ] 2022-09-26 14:24:35.592 [main] BaseTest - Text enterted in vaild-uname field
[INFO ] 2022-09-26 14:24:35.608 [main] BaseTest - Found Element by Visibility:password_locator
[INFO ] 2022-09-26 14:24:35.642 [main] BaseTest - Pass:valid_Password element cleared
[INFO ] 2022-09-26 14:24:35.652 [main] BaseTest - Text enterted in valid_Password field
[INFO ] 2022-09-26 14:24:35.669 [main] BaseTest - Found Element by Visibility:reminder_locator
[INFO ] 2022-09-26 14:24:35.899 [main] BaseTest - Click-pass: reminder-button field
[INFO ] 2022-09-26 14:24:35.937 [main] BaseTest - Element available for click:login_locator
[INFO ] 2022-09-26 14:24:37.970 [main] BaseTest - Click-pass: login-button field
[INFO ] 2022-09-26 14:24:39.546 [main] BaseTest - Element available for click:usermenu_locator
[INFO ] 2022-09-26 14:24:39.800 [main] BaseTest - Click-pass: usermenu_drpdown field
[INFO ] 2022-09-26 14:24:39.847 [main] BaseTest - Found Element by Visibility:logout_locator
[INFO ] 2022-09-26 14:24:40.069 [main] BaseTest - Click-pass: logout-button field
[INFO ] 2022-09-26 14:24:40.070 [main] BaseTest - After method start execution
[INFO ] 2022-09-26 14:24:43.795 [main] BaseTest - Before Method Start execution
[INFO ] 2022-09-26 14:24:47.537 [main] BaseTest - Testcase-loginSalesForce4b
[INFO ] 2022-09-26 14:24:47.566 [main] BaseTest - Found Element by Visibility:username_locator
[INFO ] 2022-09-26 14:24:47.605 [main] BaseTest - Pass:invaild-uname element cleared
[INFO ] 2022-09-26 14:24:47.619 [main] BaseTest - Text enterted in invaild-uname field
[INFO ] 2022-09-26 14:24:47.634 [main] BaseTest - Found Element by Visibility:password_locator
[INFO ] 2022-09-26 14:24:47.669 [main] BaseTest - Pass:invalid_Password element cleared
[INFO ] 2022-09-26 14:24:47.678 [main] BaseTest - Text enterted in invalid_Password field
[INFO ] 2022-09-26 14:24:47.704 [main] BaseTest - Element available for click:login_locator
[INFO ] 2022-09-26 14:24:47.885 [main] BaseTest - Click-pass: login-button field
[INFO ] 2022-09-26 14:24:47.887 [main] BaseTest - After method start execution
[INFO ] 2022-09-26 14:24:51.462 [main] BaseTest - Before Method Start execution
[INFO ] 2022-09-26 14:24:55.173 [main] BaseTest - Testcase-loginSalesForce4a
[INFO ] 2022-09-26 14:24:55.198 [main] BaseTest - Found Element by Visibility:forgotpwd_locator
[INFO ] 2022-09-26 14:24:55.343 [main] BaseTest - Click-pass: forgotpwd-button field
[INFO ] 2022-09-26 14:24:55.364 [main] BaseTest - Found Element by Visibility:username_locator
[INFO ] 2022-09-26 14:24:55.398 [main] BaseTest - Pass:vaild-uname element cleared
[INFO ] 2022-09-26 14:24:55.411 [main] BaseTest - Text enterted in vaild-uname field
[INFO ] 2022-09-26 14:24:55.435 [main] BaseTest - Found Element by Visibility:continue_locator
[INFO ] 2022-09-26 14:24:55.885 [main] BaseTest - Click-pass: continue1-button field
[INFO ] 2022-09-26 14:24:55.919 [main] BaseTest - After method start execution
[INFO ] 2022-09-26 22:55:04.659 [main] BaseTest - Before Method Start execution
[INFO ] 2022-09-26 23:01:10.770 [main] BaseTest - Before Method Start execution
[INFO ] 2022-09-26 23:26:35.620 [main] BaseTest - Before Method Start execution
[INFO ] 2022-09-26 23:34:48.244 [main] BaseTest - Before Method Start execution
[INFO ] 2022-09-26 23:42:23.324 [main] BaseTest - Before Method Start execution
[INFO ] 2022-09-26 23:42:29.150 [main] BaseTest - test case-errorMessage01
[INFO ] 2022-09-26 23:42:29.214 [main] BaseTest - Found Element by Visibility:username_locator
[INFO ] 2022-09-26 23:42:29.252 [main] BaseTest - Pass:vaild-uname element cleared
[INFO ] 2022-09-26 23:42:29.272 [main] BaseTest - Text enterted in vaild-uname field
[INFO ] 2022-09-26 23:42:29.293 [main] BaseTest - Found Element by Visibility:password_locator
[INFO ] 2022-09-26 23:42:29.321 [main] BaseTest - Pass:clear-password element cleared
[INFO ] 2022-09-26 23:42:34.589 [main] BaseTest - Click-pass: login-button field
[INFO ] 2022-09-26 23:42:34.593 [main] BaseTest - After method start execution
[INFO ] 2022-09-26 23:44:03.189 [main] BaseTest - Before Method Start execution
[INFO ] 2022-09-26 23:44:08.374 [main] BaseTest - test case-errorMessage01
[INFO ] 2022-09-26 23:44:08.425 [main] BaseTest - Found Element by Visibility:username_locator
[INFO ] 2022-09-26 23:44:08.460 [main] BaseTest - Pass:vaild-uname element cleared
[INFO ] 2022-09-26 23:44:08.478 [main] BaseTest - Text enterted in vaild-uname field
[INFO ] 2022-09-26 23:44:08.497 [main] BaseTest - Found Element by Visibility:password_locator
[INFO ] 2022-09-26 23:44:08.520 [main] BaseTest - Pass:clear-password element cleared
[INFO ] 2022-09-26 23:44:08.899 [main] BaseTest - Click-pass: login-button field
[INFO ] 2022-09-26 23:44:08.905 [main] BaseTest - After method start execution
[INFO ] 2022-09-26 23:57:43.424 [main] BaseTest - Before Method Start execution
[INFO ] 2022-09-26 23:57:48.754 [main] BaseTest - test case-errorMessage01
[INFO ] 2022-09-26 23:57:48.809 [main] BaseTest - Found Element by Visibility:username_locator
[INFO ] 2022-09-26 23:57:48.856 [main] BaseTest - Pass:vaild-uname element cleared
[INFO ] 2022-09-26 23:57:48.878 [main] BaseTest - Text enterted in vaild-uname field
[INFO ] 2022-09-26 23:57:48.895 [main] BaseTest - Found Element by Visibility:password_locator
[INFO ] 2022-09-26 23:57:48.918 [main] BaseTest - Pass:clear-password element cleared
[INFO ] 2022-09-26 23:57:49.450 [main] BaseTest - Click-pass: login-button field
[INFO ] 2022-09-26 23:57:49.455 [main] BaseTest - After method start execution
[INFO ] 2022-09-26 23:58:56.210 [main] BaseTest - Before Method Start execution
[INFO ] 2022-09-26 23:59:01.086 [main] BaseTest - test case-errorMessage01
[INFO ] 2022-09-26 23:59:01.132 [main] BaseTest - Found Element by Visibility:username_locator
[INFO ] 2022-09-26 23:59:01.174 [main] BaseTest - Pass:vaild-uname element cleared
[INFO ] 2022-09-26 23:59:01.193 [main] BaseTest - Text enterted in vaild-uname field
[INFO ] 2022-09-26 23:59:01.211 [main] BaseTest - Found Element by Visibility:password_locator
[INFO ] 2022-09-26 23:59:01.232 [main] BaseTest - Pass:clear-password element cleared
[INFO ] 2022-09-26 23:59:01.626 [main] BaseTest - Click-pass: login-button field
[INFO ] 2022-09-26 23:59:01.630 [main] BaseTest - After method start execution
[INFO ] 2022-09-26 23:59:05.663 [main] BaseTest - Before Method Start execution
[INFO ] 2022-09-26 23:59:10.113 [main] BaseTest - Testcase-loginSalesForce2
[INFO ] 2022-09-26 23:59:10.152 [main] BaseTest - Found Element by Visibility:username_locator
[INFO ] 2022-09-26 23:59:10.186 [main] BaseTest - Pass:vaild-uname element cleared
[INFO ] 2022-09-26 23:59:10.203 [main] BaseTest - Text enterted in vaild-uname field
[INFO ] 2022-09-26 23:59:10.220 [main] BaseTest - Found Element by Visibility:password_locator
[INFO ] 2022-09-26 23:59:10.256 [main] BaseTest - Pass:valid_Password element cleared
[INFO ] 2022-09-26 23:59:10.270 [main] BaseTest - Text enterted in valid_Password field
[INFO ] 2022-09-26 23:59:10.297 [main] BaseTest - Element available for click:login_locator
[INFO ] 2022-09-26 23:59:12.862 [main] BaseTest - Click-pass: login-button field
[INFO ] 2022-09-26 23:59:12.863 [main] BaseTest - After method start execution
[INFO ] 2022-09-26 23:59:16.987 [main] BaseTest - Before Method Start execution
[INFO ] 2022-09-26 23:59:21.502 [main] BaseTest - Testcase-loginSalesForce3
[INFO ] 2022-09-26 23:59:21.542 [main] BaseTest - Found Element by Visibility:username_locator
[INFO ] 2022-09-26 23:59:21.576 [main] BaseTest - Pass:vaild-uname element cleared
[INFO ] 2022-09-26 23:59:21.596 [main] BaseTest - Text enterted in vaild-uname field
[INFO ] 2022-09-26 23:59:21.614 [main] BaseTest - Found Element by Visibility:password_locator
[INFO ] 2022-09-26 23:59:21.647 [main] BaseTest - Pass:valid_Password element cleared
[INFO ] 2022-09-26 23:59:21.663 [main] BaseTest - Text enterted in valid_Password field
[INFO ] 2022-09-26 23:59:21.679 [main] BaseTest - Found Element by Visibility:reminder_locator
[INFO ] 2022-09-26 23:59:21.905 [main] BaseTest - Click-pass: reminder-button field
[INFO ] 2022-09-26 23:59:21.932 [main] BaseTest - Element available for click:login_locator
[INFO ] 2022-09-26 23:59:24.144 [main] BaseTest - Click-pass: login-button field
[INFO ] 2022-09-26 23:59:26.284 [main] BaseTest - Element available for click:usermenu_locator
[INFO ] 2022-09-26 23:59:26.559 [main] BaseTest - Click-pass: usermenu_drpdown field
[INFO ] 2022-09-26 23:59:26.606 [main] BaseTest - Found Element by Visibility:logout_locator
[INFO ] 2022-09-26 23:59:26.919 [main] BaseTest - Click-pass: logout-button field
[INFO ] 2022-09-26 23:59:26.924 [main] BaseTest - After method start execution
[INFO ] 2022-09-26 23:59:30.947 [main] BaseTest - Before Method Start execution
[INFO ] 2022-09-26 23:59:35.397 [main] BaseTest - Testcase-loginSalesForce4b
[INFO ] 2022-09-26 23:59:35.428 [main] BaseTest - Found Element by Visibility:username_locator
[INFO ] 2022-09-26 23:59:35.458 [main] BaseTest - Pass:invaild-uname element cleared
[INFO ] 2022-09-26 23:59:35.472 [main] BaseTest - Text enterted in invaild-uname field
[INFO ] 2022-09-26 23:59:35.488 [main] BaseTest - Found Element by Visibility:password_locator
[INFO ] 2022-09-26 23:59:35.519 [main] BaseTest - Pass:invalid_Password element cleared
[INFO ] 2022-09-26 23:59:35.531 [main] BaseTest - Text enterted in invalid_Password field
[INFO ] 2022-09-26 23:59:35.552 [main] BaseTest - Element available for click:login_locator
[INFO ] 2022-09-26 23:59:35.743 [main] BaseTest - Click-pass: login-button field
[INFO ] 2022-09-26 23:59:35.745 [main] BaseTest - After method start execution
[INFO ] 2022-09-26 23:59:39.451 [main] BaseTest - Before Method Start execution
[INFO ] 2022-09-26 23:59:43.632 [main] BaseTest - Testcase-loginSalesForce4a
[INFO ] 2022-09-26 23:59:43.671 [main] BaseTest - Found Element by Visibility:forgotpwd_locator
[INFO ] 2022-09-26 23:59:43.827 [main] BaseTest - Click-pass: forgotpwd-button field
[INFO ] 2022-09-26 23:59:43.844 [main] BaseTest - Found Element by Visibility:username_locator
[INFO ] 2022-09-26 23:59:43.876 [main] BaseTest - Pass:vaild-uname element cleared
[INFO ] 2022-09-26 23:59:43.889 [main] BaseTest - Text enterted in vaild-uname field
[INFO ] 2022-09-26 23:59:43.906 [main] BaseTest - Found Element by Visibility:continue_locator
[INFO ] 2022-09-26 23:59:44.429 [main] BaseTest - Click-pass: continue1-button field
[INFO ] 2022-09-26 23:59:44.470 [main] BaseTest - After method start execution
[INFO ] 2022-09-27 11:26:28.275 [main] BaseTest - Before Method Start execution
[INFO ] 2022-09-27 11:26:33.681 [main] BaseTest - Testcase-loginSalesForce3
[INFO ] 2022-09-27 11:26:33.719 [main] BaseTest - Found Element by Visibility:username_locator
[INFO ] 2022-09-27 11:26:33.758 [main] BaseTest - Pass:vaild-uname element cleared
[INFO ] 2022-09-27 11:26:33.780 [main] BaseTest - Text enterted in vaild-uname field
[INFO ] 2022-09-27 11:26:33.800 [main] BaseTest - Found Element by Visibility:password_locator
[INFO ] 2022-09-27 11:26:33.843 [main] BaseTest - Pass:valid_Password element cleared
[INFO ] 2022-09-27 11:26:33.858 [main] BaseTest - Text enterted in valid_Password field
[INFO ] 2022-09-27 11:26:33.879 [main] BaseTest - Found Element by Visibility:reminder_locator
[INFO ] 2022-09-27 11:26:34.105 [main] BaseTest - Click-pass: reminder-button field
[INFO ] 2022-09-27 11:26:34.137 [main] BaseTest - Element available for click:login_locator
[INFO ] 2022-09-27 11:26:37.535 [main] BaseTest - Click-pass: login-button field
[INFO ] 2022-09-27 11:26:37.543 [main] BaseTest - After method start execution
[INFO ] 2022-09-27 11:30:56.548 [main] BaseTest - Before Method Start execution
[INFO ] 2022-09-27 11:31:01.185 [main] BaseTest - Testcase-loginSalesForce3
[INFO ] 2022-09-27 11:31:01.225 [main] BaseTest - Found Element by Visibility:username_locator
[INFO ] 2022-09-27 11:31:01.264 [main] BaseTest - Pass:vaild-uname element cleared
[INFO ] 2022-09-27 11:31:01.296 [main] BaseTest - Text enterted in vaild-uname field
[INFO ] 2022-09-27 11:31:01.313 [main] BaseTest - Found Element by Visibility:password_locator
[INFO ] 2022-09-27 11:31:01.360 [main] BaseTest - Pass:valid_Password element cleared
[INFO ] 2022-09-27 11:31:01.373 [main] BaseTest - Text enterted in valid_Password field
[INFO ] 2022-09-27 11:31:01.392 [main] BaseTest - Found Element by Visibility:reminder_locator
[INFO ] 2022-09-27 11:31:01.628 [main] BaseTest - Click-pass: reminder-button field
[INFO ] 2022-09-27 11:31:01.655 [main] BaseTest - Element available for click:login_locator
[INFO ] 2022-09-27 11:31:04.518 [main] BaseTest - Click-pass: login-button field
[INFO ] 2022-09-27 11:31:06.610 [main] BaseTest - Element available for click:usermenu_locator
[INFO ] 2022-09-27 11:31:06.897 [main] BaseTest - Click-pass: usermenu_drpdown field
[INFO ] 2022-09-27 11:31:06.936 [main] BaseTest - Found Element by Visibility:logout_locator
[INFO ] 2022-09-27 11:31:07.166 [main] BaseTest - Click-pass: logout-button field
[INFO ] 2022-09-27 11:31:07.169 [main] BaseTest - After method start execution
[INFO ] 2022-09-27 23:55:35.789 [main] BaseTest - Before Method Start execution
[INFO ] 2022-09-27 23:55:41.385 [main] BaseTest - After method start execution
[INFO ] 2022-09-27 23:56:40.069 [main] BaseTest - Before Method Start execution
[INFO ] 2022-09-27 23:56:45.573 [main] BaseTest - After method start execution
[INFO ] 2022-09-28 10:20:23.831 [main] BaseTest - Before Method Start execution
[INFO ] 2022-09-28 10:20:28.749 [main] BaseTest - After method start execution
[INFO ] 2022-09-29 21:55:33.963 [main] BaseTest - Before Method Start execution
[INFO ] 2022-09-29 21:55:42.224 [main] BaseTest - After method start execution
[INFO ] 2022-09-29 22:01:14.007 [main] BaseTest - Before Method Start execution
[INFO ] 2022-09-29 22:01:30.263 [main] BaseTest - After method start execution
[INFO ] 2022-09-29 22:27:02.433 [main] BaseTest - Before Method Start execution
[INFO ] 2022-09-29 22:27:15.508 [main] BaseTest - After method start execution
[INFO ] 2022-09-29 22:33:10.996 [main] BaseTest - Before Method Start execution
[INFO ] 2022-09-29 22:33:16.361 [main] BaseTest - After method start execution
[INFO ] 2022-09-29 22:57:13.588 [main] BaseTest - Before Method Start execution
[INFO ] 2022-09-29 22:57:20.007 [main] BaseTest - After method start execution
[INFO ] 2022-09-29 22:59:00.097 [main] BaseTest - Before Method Start execution
[INFO ] 2022-09-29 22:59:05.715 [main] BaseTest - After method start execution
[INFO ] 2022-09-29 22:59:09.673 [main] BaseTest - Before Method Start execution
[INFO ] 2022-09-29 22:59:18.758 [main] BaseTest - After method start execution
[INFO ] 2022-09-29 22:59:22.866 [main] BaseTest - Before Method Start execution
[INFO ] 2022-09-29 22:59:36.663 [main] BaseTest - After method start execution
[INFO ] 2022-09-29 22:59:40.731 [main] BaseTest - Before Method Start execution
[INFO ] 2022-09-29 22:59:45.655 [main] BaseTest - After method start execution
[INFO ] 2022-09-29 22:59:49.368 [main] BaseTest - Before Method Start execution
[INFO ] 2022-09-29 22:59:54.688 [main] BaseTest - After method start execution
[INFO ] 2022-09-30 00:10:34.459 [main] BaseTest - Before Method Start execution
[INFO ] 2022-09-30 00:10:40.552 [main] BaseTest - After method start execution
